The system is: Linux - 3.19.0-25-generic - x86_64
Compiling the C compiler identification source file "CMakeCCompilerId.c" succeeded.
Compiler: /usr/bin/cc 
Build flags: 
Id flags: 

The output was:
0


Compilation of the C compiler identification source "CMakeCCompilerId.c" produced "a.out"

The C compiler identification is GNU, found in "/home/pony/mitsuba/CMakeFiles/2.8.12.2/CompilerIdC/a.out"

Compiling the CXX compiler identification source file "CMakeCXXCompilerId.cpp" succeeded.
Compiler: /usr/bin/c++ 
Build flags: 
Id flags: 

The output was:
0


Compilation of the CXX compiler identification source "CMakeCXXCompilerId.cpp" produced "a.out"

The CXX compiler identification is GNU, found in "/home/pony/mitsuba/CMakeFiles/2.8.12.2/CompilerIdCXX/a.out"

Determining if the C compiler works passed with the following output:
Change Dir: /home/pony/mitsuba/CMakeFiles/CMakeTmp

Run Build Command:/usr/bin/make "cmTryCompileExec1745555013/fast"
/usr/bin/make -f CMakeFiles/cmTryCompileExec1745555013.dir/build.make CMakeFiles/cmTryCompileExec1745555013.dir/build
make[1]: Entering directory `/home/pony/mitsuba/CMakeFiles/CMakeTmp'
/usr/bin/cmake -E cmake_progress_report /home/pony/mitsuba/CMakeFiles/CMakeTmp/CMakeFiles 1
Building C object CMakeFiles/cmTryCompileExec1745555013.dir/testCCompiler.c.o
/usr/bin/cc    -o CMakeFiles/cmTryCompileExec1745555013.dir/testCCompiler.c.o   -c /home/pony/mitsuba/CMakeFiles/CMakeTmp/testCCompiler.c
Linking C executable cmTryCompileExec1745555013
/usr/bin/cmake -E cmake_link_script CMakeFiles/cmTryCompileExec1745555013.dir/link.txt --verbose=1
/usr/bin/cc       CMakeFiles/cmTryCompileExec1745555013.dir/testCCompiler.c.o  -o cmTryCompileExec1745555013 -rdynamic 
make[1]: Leaving directory `/home/pony/mitsuba/CMakeFiles/CMakeTmp'


Detecting C compiler ABI info compiled with the following output:
Change Dir: /home/pony/mitsuba/CMakeFiles/CMakeTmp

Run Build Command:/usr/bin/make "cmTryCompileExec401602546/fast"
/usr/bin/make -f CMakeFiles/cmTryCompileExec401602546.dir/build.make CMakeFiles/cmTryCompileExec401602546.dir/build
make[1]: Entering directory `/home/pony/mitsuba/CMakeFiles/CMakeTmp'
/usr/bin/cmake -E cmake_progress_report /home/pony/mitsuba/CMakeFiles/CMakeTmp/CMakeFiles 1
Building C object CMakeFiles/cmTryCompileExec401602546.dir/CMakeCCompilerABI.c.o
/usr/bin/cc    -o CMakeFiles/cmTryCompileExec401602546.dir/CMakeCCompilerABI.c.o   -c /usr/share/cmake-2.8/Modules/CMakeCCompilerABI.c
Linking C executable cmTryCompileExec401602546
/usr/bin/cmake -E cmake_link_script CMakeFiles/cmTryCompileExec401602546.dir/link.txt --verbose=1
/usr/bin/cc     -v CMakeFiles/cmTryCompileExec401602546.dir/CMakeCCompilerABI.c.o  -o cmTryCompileExec401602546 -rdynamic  
Using built-in specs.
COLLECT_GCC=/usr/bin/cc
COLLECT_LTO_WRAPPER=/usr/lib/gcc/x86_64-linux-gnu/4.8/lto-wrapper
Target: x86_64-linux-gnu
Configured with: ../src/configure -v --with-pkgversion='Ubuntu 4.8.4-2ubuntu1~14.04' --with-bugurl=file:///usr/share/doc/gcc-4.8/README.Bugs --enable-languages=c,c++,java,go,d,fortran,objc,obj-c++ --prefix=/usr --program-suffix=-4.8 --enable-shared --enable-linker-build-id --libexecdir=/usr/lib --without-included-gettext --enable-threads=posix --with-gxx-include-dir=/usr/include/c++/4.8 --libdir=/usr/lib --enable-nls --with-sysroot=/ --enable-clocale=gnu --enable-libstdcxx-debug --enable-libstdcxx-time=yes --enable-gnu-unique-object --disable-libmudflap --enable-plugin --with-system-zlib --disable-browser-plugin --enable-java-awt=gtk --enable-gtk-cairo --with-java-home=/usr/lib/jvm/java-1.5.0-gcj-4.8-amd64/jre --enable-java-home --with-jvm-root-dir=/usr/lib/jvm/java-1.5.0-gcj-4.8-amd64 --with-jvm-jar-dir=/usr/lib/jvm-exports/java-1.5.0-gcj-4.8-amd64 --with-arch-directory=amd64 --with-ecj-jar=/usr/share/java/eclipse-ecj.jar --enable-objc-gc --enable-multiarch --disable-werror --with-arch-32=i686 --with-abi=m64 --with-multilib-list=m32,m64,mx32 --with-tune=generic --enable-checking=release --build=x86_64-linux-gnu --host=x86_64-linux-gnu --target=x86_64-linux-gnu
Thread model: posix
gcc version 4.8.4 (Ubuntu 4.8.4-2ubuntu1~14.04) 
COMPILER_PATH=/usr/lib/gcc/x86_64-linux-gnu/4.8/:/usr/lib/gcc/x86_64-linux-gnu/4.8/:/usr/lib/gcc/x86_64-linux-gnu/:/usr/lib/gcc/x86_64-linux-gnu/4.8/:/usr/lib/gcc/x86_64-linux-gnu/
LIBRARY_PATH=/usr/lib/gcc/x86_64-linux-gnu/4.8/:/usr/lib/gcc/x86_64-linux-gnu/4.8/../../../x86_64-linux-gnu/:/usr/lib/gcc/x86_64-linux-gnu/4.8/../../../../lib/:/lib/x86_64-linux-gnu/:/lib/../lib/:/usr/lib/x86_64-linux-gnu/:/usr/lib/../lib/:/usr/lib/gcc/x86_64-linux-gnu/4.8/../../../:/lib/:/usr/lib/
COLLECT_GCC_OPTIONS='-v' '-o' 'cmTryCompileExec401602546' '-rdynamic' '-mtune=generic' '-march=x86-64'
 /usr/lib/gcc/x86_64-linux-gnu/4.8/collect2 --sysroot=/ --build-id --eh-frame-hdr -m elf_x86_64 --hash-style=gnu --as-needed -export-dynamic -dynamic-linker /lib64/ld-linux-x86-64.so.2 -z relro -o cmTryCompileExec401602546 /usr/lib/gcc/x86_64-linux-gnu/4.8/../../../x86_64-linux-gnu/crt1.o /usr/lib/gcc/x86_64-linux-gnu/4.8/../../../x86_64-linux-gnu/crti.o /usr/lib/gcc/x86_64-linux-gnu/4.8/crtbegin.o -L/usr/lib/gcc/x86_64-linux-gnu/4.8 -L/usr/lib/gcc/x86_64-linux-gnu/4.8/../../../x86_64-linux-gnu -L/usr/lib/gcc/x86_64-linux-gnu/4.8/../../../../lib -L/lib/x86_64-linux-gnu -L/lib/../lib -L/usr/lib/x86_64-linux-gnu -L/usr/lib/../lib -L/usr/lib/gcc/x86_64-linux-gnu/4.8/../../.. CMakeFiles/cmTryCompileExec401602546.dir/CMakeCCompilerABI.c.o -lgcc --as-needed -lgcc_s --no-as-needed -lc -lgcc --as-needed -lgcc_s --no-as-needed /usr/lib/gcc/x86_64-linux-gnu/4.8/crtend.o /usr/lib/gcc/x86_64-linux-gnu/4.8/../../../x86_64-linux-gnu/crtn.o
make[1]: Leaving directory `/home/pony/mitsuba/CMakeFiles/CMakeTmp'


Parsed C implicit link information from above output:
  link line regex: [^( *|.*[/\])(ld|([^/\]+-)?ld|collect2)[^/\]*( |$)]
  ignore line: [Change Dir: /home/pony/mitsuba/CMakeFiles/CMakeTmp]
  ignore line: []
  ignore line: [Run Build Command:/usr/bin/make "cmTryCompileExec401602546/fast"]
  ignore line: [/usr/bin/make -f CMakeFiles/cmTryCompileExec401602546.dir/build.make CMakeFiles/cmTryCompileExec401602546.dir/build]
  ignore line: [make[1]: Entering directory `/home/pony/mitsuba/CMakeFiles/CMakeTmp']
  ignore line: [/usr/bin/cmake -E cmake_progress_report /home/pony/mitsuba/CMakeFiles/CMakeTmp/CMakeFiles 1]
  ignore line: [Building C object CMakeFiles/cmTryCompileExec401602546.dir/CMakeCCompilerABI.c.o]
  ignore line: [/usr/bin/cc    -o CMakeFiles/cmTryCompileExec401602546.dir/CMakeCCompilerABI.c.o   -c /usr/share/cmake-2.8/Modules/CMakeCCompilerABI.c]
  ignore line: [Linking C executable cmTryCompileExec401602546]
  ignore line: [/usr/bin/cmake -E cmake_link_script CMakeFiles/cmTryCompileExec401602546.dir/link.txt --verbose=1]
  ignore line: [/usr/bin/cc     -v CMakeFiles/cmTryCompileExec401602546.dir/CMakeCCompilerABI.c.o  -o cmTryCompileExec401602546 -rdynamic  ]
  ignore line: [Using built-in specs.]
  ignore line: [COLLECT_GCC=/usr/bin/cc]
  ignore line: [COLLECT_LTO_WRAPPER=/usr/lib/gcc/x86_64-linux-gnu/4.8/lto-wrapper]
  ignore line: [Target: x86_64-linux-gnu]
  ignore line: [Configured with: ../src/configure -v --with-pkgversion='Ubuntu 4.8.4-2ubuntu1~14.04' --with-bugurl=file:///usr/share/doc/gcc-4.8/README.Bugs --enable-languages=c,c++,java,go,d,fortran,objc,obj-c++ --prefix=/usr --program-suffix=-4.8 --enable-shared --enable-linker-build-id --libexecdir=/usr/lib --without-included-gettext --enable-threads=posix --with-gxx-include-dir=/usr/include/c++/4.8 --libdir=/usr/lib --enable-nls --with-sysroot=/ --enable-clocale=gnu --enable-libstdcxx-debug --enable-libstdcxx-time=yes --enable-gnu-unique-object --disable-libmudflap --enable-plugin --with-system-zlib --disable-browser-plugin --enable-java-awt=gtk --enable-gtk-cairo --with-java-home=/usr/lib/jvm/java-1.5.0-gcj-4.8-amd64/jre --enable-java-home --with-jvm-root-dir=/usr/lib/jvm/java-1.5.0-gcj-4.8-amd64 --with-jvm-jar-dir=/usr/lib/jvm-exports/java-1.5.0-gcj-4.8-amd64 --with-arch-directory=amd64 --with-ecj-jar=/usr/share/java/eclipse-ecj.jar --enable-objc-gc --enable-multiarch --disable-werror --with-arch-32=i686 --with-abi=m64 --with-multilib-list=m32,m64,mx32 --with-tune=generic --enable-checking=release --build=x86_64-linux-gnu --host=x86_64-linux-gnu --target=x86_64-linux-gnu]
  ignore line: [Thread model: posix]
  ignore line: [gcc version 4.8.4 (Ubuntu 4.8.4-2ubuntu1~14.04) ]
  ignore line: [COMPILER_PATH=/usr/lib/gcc/x86_64-linux-gnu/4.8/:/usr/lib/gcc/x86_64-linux-gnu/4.8/:/usr/lib/gcc/x86_64-linux-gnu/:/usr/lib/gcc/x86_64-linux-gnu/4.8/:/usr/lib/gcc/x86_64-linux-gnu/]
  ignore line: [LIBRARY_PATH=/usr/lib/gcc/x86_64-linux-gnu/4.8/:/usr/lib/gcc/x86_64-linux-gnu/4.8/../../../x86_64-linux-gnu/:/usr/lib/gcc/x86_64-linux-gnu/4.8/../../../../lib/:/lib/x86_64-linux-gnu/:/lib/../lib/:/usr/lib/x86_64-linux-gnu/:/usr/lib/../lib/:/usr/lib/gcc/x86_64-linux-gnu/4.8/../../../:/lib/:/usr/lib/]
  ignore line: [COLLECT_GCC_OPTIONS='-v' '-o' 'cmTryCompileExec401602546' '-rdynamic' '-mtune=generic' '-march=x86-64']
  link line: [ /usr/lib/gcc/x86_64-linux-gnu/4.8/collect2 --sysroot=/ --build-id --eh-frame-hdr -m elf_x86_64 --hash-style=gnu --as-needed -export-dynamic -dynamic-linker /lib64/ld-linux-x86-64.so.2 -z relro -o cmTryCompileExec401602546 /usr/lib/gcc/x86_64-linux-gnu/4.8/../../../x86_64-linux-gnu/crt1.o /usr/lib/gcc/x86_64-linux-gnu/4.8/../../../x86_64-linux-gnu/crti.o /usr/lib/gcc/x86_64-linux-gnu/4.8/crtbegin.o -L/usr/lib/gcc/x86_64-linux-gnu/4.8 -L/usr/lib/gcc/x86_64-linux-gnu/4.8/../../../x86_64-linux-gnu -L/usr/lib/gcc/x86_64-linux-gnu/4.8/../../../../lib -L/lib/x86_64-linux-gnu -L/lib/../lib -L/usr/lib/x86_64-linux-gnu -L/usr/lib/../lib -L/usr/lib/gcc/x86_64-linux-gnu/4.8/../../.. CMakeFiles/cmTryCompileExec401602546.dir/CMakeCCompilerABI.c.o -lgcc --as-needed -lgcc_s --no-as-needed -lc -lgcc --as-needed -lgcc_s --no-as-needed /usr/lib/gcc/x86_64-linux-gnu/4.8/crtend.o /usr/lib/gcc/x86_64-linux-gnu/4.8/../../../x86_64-linux-gnu/crtn.o]
    arg [/usr/lib/gcc/x86_64-linux-gnu/4.8/collect2] ==> ignore
    arg [--sysroot=/] ==> ignore
    arg [--build-id] ==> ignore
    arg [--eh-frame-hdr] ==> ignore
    arg [-m] ==> ignore
    arg [elf_x86_64] ==> ignore
    arg [--hash-style=gnu] ==> ignore
    arg [--as-needed] ==> ignore
    arg [-export-dynamic] ==> ignore
    arg [-dynamic-linker] ==> ignore
    arg [/lib64/ld-linux-x86-64.so.2] ==> ignore
    arg [-zrelro] ==> ignore
    arg [-o] ==> ignore
    arg [cmTryCompileExec401602546] ==> ignore
    arg [/usr/lib/gcc/x86_64-linux-gnu/4.8/../../../x86_64-linux-gnu/crt1.o] ==> ignore
    arg [/usr/lib/gcc/x86_64-linux-gnu/4.8/../../../x86_64-linux-gnu/crti.o] ==> ignore
    arg [/usr/lib/gcc/x86_64-linux-gnu/4.8/crtbegin.o] ==> ignore
    arg [-L/usr/lib/gcc/x86_64-linux-gnu/4.8] ==> dir [/usr/lib/gcc/x86_64-linux-gnu/4.8]
    arg [-L/usr/lib/gcc/x86_64-linux-gnu/4.8/../../../x86_64-linux-gnu] ==> dir [/usr/lib/gcc/x86_64-linux-gnu/4.8/../../../x86_64-linux-gnu]
    arg [-L/usr/lib/gcc/x86_64-linux-gnu/4.8/../../../../lib] ==> dir [/usr/lib/gcc/x86_64-linux-gnu/4.8/../../../../lib]
    arg [-L/lib/x86_64-linux-gnu] ==> dir [/lib/x86_64-linux-gnu]
    arg [-L/lib/../lib] ==> dir [/lib/../lib]
    arg [-L/usr/lib/x86_64-linux-gnu] ==> dir [/usr/lib/x86_64-linux-gnu]
    arg [-L/usr/lib/../lib] ==> dir [/usr/lib/../lib]
    arg [-L/usr/lib/gcc/x86_64-linux-gnu/4.8/../../..] ==> dir [/usr/lib/gcc/x86_64-linux-gnu/4.8/../../..]
    arg [CMakeFiles/cmTryCompileExec401602546.dir/CMakeCCompilerABI.c.o] ==> ignore
    arg [-lgcc] ==> lib [gcc]
    arg [--as-needed] ==> ignore
    arg [-lgcc_s] ==> lib [gcc_s]
    arg [--no-as-needed] ==> ignore
    arg [-lc] ==> lib [c]
    arg [-lgcc] ==> lib [gcc]
    arg [--as-needed] ==> ignore
    arg [-lgcc_s] ==> lib [gcc_s]
    arg [--no-as-needed] ==> ignore
    arg [/usr/lib/gcc/x86_64-linux-gnu/4.8/crtend.o] ==> ignore
    arg [/usr/lib/gcc/x86_64-linux-gnu/4.8/../../../x86_64-linux-gnu/crtn.o] ==> ignore
  remove lib [gcc]
  remove lib [gcc_s]
  remove lib [gcc]
  remove lib [gcc_s]
  collapse library dir [/usr/lib/gcc/x86_64-linux-gnu/4.8] ==> [/usr/lib/gcc/x86_64-linux-gnu/4.8]
  collapse library dir [/usr/lib/gcc/x86_64-linux-gnu/4.8/../../../x86_64-linux-gnu] ==> [/usr/lib/x86_64-linux-gnu]
  collapse library dir [/usr/lib/gcc/x86_64-linux-gnu/4.8/../../../../lib] ==> [/usr/lib]
  collapse library dir [/lib/x86_64-linux-gnu] ==> [/lib/x86_64-linux-gnu]
  collapse library dir [/lib/../lib] ==> [/lib]
  collapse library dir [/usr/lib/x86_64-linux-gnu] ==> [/usr/lib/x86_64-linux-gnu]
  collapse library dir [/usr/lib/../lib] ==> [/usr/lib]
  collapse library dir [/usr/lib/gcc/x86_64-linux-gnu/4.8/../../..] ==> [/usr/lib]
  implicit libs: [c]
  implicit dirs: [/usr/lib/gcc/x86_64-linux-gnu/4.8;/usr/lib/x86_64-linux-gnu;/usr/lib;/lib/x86_64-linux-gnu;/lib]
  implicit fwks: []


Determining if the CXX compiler works passed with the following output:
Change Dir: /home/pony/mitsuba/CMakeFiles/CMakeTmp

Run Build Command:/usr/bin/make "cmTryCompileExec2384669808/fast"
/usr/bin/make -f CMakeFiles/cmTryCompileExec2384669808.dir/build.make CMakeFiles/cmTryCompileExec2384669808.dir/build
make[1]: Entering directory `/home/pony/mitsuba/CMakeFiles/CMakeTmp'
/usr/bin/cmake -E cmake_progress_report /home/pony/mitsuba/CMakeFiles/CMakeTmp/CMakeFiles 1
Building CXX object CMakeFiles/cmTryCompileExec2384669808.dir/testCXXCompiler.cxx.o
/usr/bin/c++     -o CMakeFiles/cmTryCompileExec2384669808.dir/testCXXCompiler.cxx.o -c /home/pony/mitsuba/CMakeFiles/CMakeTmp/testCXXCompiler.cxx
Linking CXX executable cmTryCompileExec2384669808
/usr/bin/cmake -E cmake_link_script CMakeFiles/cmTryCompileExec2384669808.dir/link.txt --verbose=1
/usr/bin/c++        CMakeFiles/cmTryCompileExec2384669808.dir/testCXXCompiler.cxx.o  -o cmTryCompileExec2384669808 -rdynamic 
make[1]: Leaving directory `/home/pony/mitsuba/CMakeFiles/CMakeTmp'


Detecting CXX compiler ABI info compiled with the following output:
Change Dir: /home/pony/mitsuba/CMakeFiles/CMakeTmp

Run Build Command:/usr/bin/make "cmTryCompileExec3254779842/fast"
/usr/bin/make -f CMakeFiles/cmTryCompileExec3254779842.dir/build.make CMakeFiles/cmTryCompileExec3254779842.dir/build
make[1]: Entering directory `/home/pony/mitsuba/CMakeFiles/CMakeTmp'
/usr/bin/cmake -E cmake_progress_report /home/pony/mitsuba/CMakeFiles/CMakeTmp/CMakeFiles 1
Building CXX object CMakeFiles/cmTryCompileExec3254779842.dir/CMakeCXXCompilerABI.cpp.o
/usr/bin/c++     -o CMakeFiles/cmTryCompileExec3254779842.dir/CMakeCXXCompilerABI.cpp.o -c /usr/share/cmake-2.8/Modules/CMakeCXXCompilerABI.cpp
Linking CXX executable cmTryCompileExec3254779842
/usr/bin/cmake -E cmake_link_script CMakeFiles/cmTryCompileExec3254779842.dir/link.txt --verbose=1
/usr/bin/c++      -v CMakeFiles/cmTryCompileExec3254779842.dir/CMakeCXXCompilerABI.cpp.o  -o cmTryCompileExec3254779842 -rdynamic  
Using built-in specs.
COLLECT_GCC=/usr/bin/c++
COLLECT_LTO_WRAPPER=/usr/lib/gcc/x86_64-linux-gnu/4.8/lto-wrapper
Target: x86_64-linux-gnu
Configured with: ../src/configure -v --with-pkgversion='Ubuntu 4.8.4-2ubuntu1~14.04' --with-bugurl=file:///usr/share/doc/gcc-4.8/README.Bugs --enable-languages=c,c++,java,go,d,fortran,objc,obj-c++ --prefix=/usr --program-suffix=-4.8 --enable-shared --enable-linker-build-id --libexecdir=/usr/lib --without-included-gettext --enable-threads=posix --with-gxx-include-dir=/usr/include/c++/4.8 --libdir=/usr/lib --enable-nls --with-sysroot=/ --enable-clocale=gnu --enable-libstdcxx-debug --enable-libstdcxx-time=yes --enable-gnu-unique-object --disable-libmudflap --enable-plugin --with-system-zlib --disable-browser-plugin --enable-java-awt=gtk --enable-gtk-cairo --with-java-home=/usr/lib/jvm/java-1.5.0-gcj-4.8-amd64/jre --enable-java-home --with-jvm-root-dir=/usr/lib/jvm/java-1.5.0-gcj-4.8-amd64 --with-jvm-jar-dir=/usr/lib/jvm-exports/java-1.5.0-gcj-4.8-amd64 --with-arch-directory=amd64 --with-ecj-jar=/usr/share/java/eclipse-ecj.jar --enable-objc-gc --enable-multiarch --disable-werror --with-arch-32=i686 --with-abi=m64 --with-multilib-list=m32,m64,mx32 --with-tune=generic --enable-checking=release --build=x86_64-linux-gnu --host=x86_64-linux-gnu --target=x86_64-linux-gnu
Thread model: posix
gcc version 4.8.4 (Ubuntu 4.8.4-2ubuntu1~14.04) 
COMPILER_PATH=/usr/lib/gcc/x86_64-linux-gnu/4.8/:/usr/lib/gcc/x86_64-linux-gnu/4.8/:/usr/lib/gcc/x86_64-linux-gnu/:/usr/lib/gcc/x86_64-linux-gnu/4.8/:/usr/lib/gcc/x86_64-linux-gnu/
LIBRARY_PATH=/usr/lib/gcc/x86_64-linux-gnu/4.8/:/usr/lib/gcc/x86_64-linux-gnu/4.8/../../../x86_64-linux-gnu/:/usr/lib/gcc/x86_64-linux-gnu/4.8/../../../../lib/:/lib/x86_64-linux-gnu/:/lib/../lib/:/usr/lib/x86_64-linux-gnu/:/usr/lib/../lib/:/usr/lib/gcc/x86_64-linux-gnu/4.8/../../../:/lib/:/usr/lib/
COLLECT_GCC_OPTIONS='-v' '-o' 'cmTryCompileExec3254779842' '-rdynamic' '-shared-libgcc' '-mtune=generic' '-march=x86-64'
 /usr/lib/gcc/x86_64-linux-gnu/4.8/collect2 --sysroot=/ --build-id --eh-frame-hdr -m elf_x86_64 --hash-style=gnu --as-needed -export-dynamic -dynamic-linker /lib64/ld-linux-x86-64.so.2 -z relro -o cmTryCompileExec3254779842 /usr/lib/gcc/x86_64-linux-gnu/4.8/../../../x86_64-linux-gnu/crt1.o /usr/lib/gcc/x86_64-linux-gnu/4.8/../../../x86_64-linux-gnu/crti.o /usr/lib/gcc/x86_64-linux-gnu/4.8/crtbegin.o -L/usr/lib/gcc/x86_64-linux-gnu/4.8 -L/usr/lib/gcc/x86_64-linux-gnu/4.8/../../../x86_64-linux-gnu -L/usr/lib/gcc/x86_64-linux-gnu/4.8/../../../../lib -L/lib/x86_64-linux-gnu -L/lib/../lib -L/usr/lib/x86_64-linux-gnu -L/usr/lib/../lib -L/usr/lib/gcc/x86_64-linux-gnu/4.8/../../.. CMakeFiles/cmTryCompileExec3254779842.dir/CMakeCXXCompilerABI.cpp.o -lstdc++ -lm -lgcc_s -lgcc -lc -lgcc_s -lgcc /usr/lib/gcc/x86_64-linux-gnu/4.8/crtend.o /usr/lib/gcc/x86_64-linux-gnu/4.8/../../../x86_64-linux-gnu/crtn.o
make[1]: Leaving directory `/home/pony/mitsuba/CMakeFiles/CMakeTmp'


Parsed CXX implicit link information from above output:
  link line regex: [^( *|.*[/\])(ld|([^/\]+-)?ld|collect2)[^/\]*( |$)]
  ignore line: [Change Dir: /home/pony/mitsuba/CMakeFiles/CMakeTmp]
  ignore line: []
  ignore line: [Run Build Command:/usr/bin/make "cmTryCompileExec3254779842/fast"]
  ignore line: [/usr/bin/make -f CMakeFiles/cmTryCompileExec3254779842.dir/build.make CMakeFiles/cmTryCompileExec3254779842.dir/build]
  ignore line: [make[1]: Entering directory `/home/pony/mitsuba/CMakeFiles/CMakeTmp']
  ignore line: [/usr/bin/cmake -E cmake_progress_report /home/pony/mitsuba/CMakeFiles/CMakeTmp/CMakeFiles 1]
  ignore line: [Building CXX object CMakeFiles/cmTryCompileExec3254779842.dir/CMakeCXXCompilerABI.cpp.o]
  ignore line: [/usr/bin/c++     -o CMakeFiles/cmTryCompileExec3254779842.dir/CMakeCXXCompilerABI.cpp.o -c /usr/share/cmake-2.8/Modules/CMakeCXXCompilerABI.cpp]
  ignore line: [Linking CXX executable cmTryCompileExec3254779842]
  ignore line: [/usr/bin/cmake -E cmake_link_script CMakeFiles/cmTryCompileExec3254779842.dir/link.txt --verbose=1]
  ignore line: [/usr/bin/c++      -v CMakeFiles/cmTryCompileExec3254779842.dir/CMakeCXXCompilerABI.cpp.o  -o cmTryCompileExec3254779842 -rdynamic  ]
  ignore line: [Using built-in specs.]
  ignore line: [COLLECT_GCC=/usr/bin/c++]
  ignore line: [COLLECT_LTO_WRAPPER=/usr/lib/gcc/x86_64-linux-gnu/4.8/lto-wrapper]
  ignore line: [Target: x86_64-linux-gnu]
  ignore line: [Configured with: ../src/configure -v --with-pkgversion='Ubuntu 4.8.4-2ubuntu1~14.04' --with-bugurl=file:///usr/share/doc/gcc-4.8/README.Bugs --enable-languages=c,c++,java,go,d,fortran,objc,obj-c++ --prefix=/usr --program-suffix=-4.8 --enable-shared --enable-linker-build-id --libexecdir=/usr/lib --without-included-gettext --enable-threads=posix --with-gxx-include-dir=/usr/include/c++/4.8 --libdir=/usr/lib --enable-nls --with-sysroot=/ --enable-clocale=gnu --enable-libstdcxx-debug --enable-libstdcxx-time=yes --enable-gnu-unique-object --disable-libmudflap --enable-plugin --with-system-zlib --disable-browser-plugin --enable-java-awt=gtk --enable-gtk-cairo --with-java-home=/usr/lib/jvm/java-1.5.0-gcj-4.8-amd64/jre --enable-java-home --with-jvm-root-dir=/usr/lib/jvm/java-1.5.0-gcj-4.8-amd64 --with-jvm-jar-dir=/usr/lib/jvm-exports/java-1.5.0-gcj-4.8-amd64 --with-arch-directory=amd64 --with-ecj-jar=/usr/share/java/eclipse-ecj.jar --enable-objc-gc --enable-multiarch --disable-werror --with-arch-32=i686 --with-abi=m64 --with-multilib-list=m32,m64,mx32 --with-tune=generic --enable-checking=release --build=x86_64-linux-gnu --host=x86_64-linux-gnu --target=x86_64-linux-gnu]
  ignore line: [Thread model: posix]
  ignore line: [gcc version 4.8.4 (Ubuntu 4.8.4-2ubuntu1~14.04) ]
  ignore line: [COMPILER_PATH=/usr/lib/gcc/x86_64-linux-gnu/4.8/:/usr/lib/gcc/x86_64-linux-gnu/4.8/:/usr/lib/gcc/x86_64-linux-gnu/:/usr/lib/gcc/x86_64-linux-gnu/4.8/:/usr/lib/gcc/x86_64-linux-gnu/]
  ignore line: [LIBRARY_PATH=/usr/lib/gcc/x86_64-linux-gnu/4.8/:/usr/lib/gcc/x86_64-linux-gnu/4.8/../../../x86_64-linux-gnu/:/usr/lib/gcc/x86_64-linux-gnu/4.8/../../../../lib/:/lib/x86_64-linux-gnu/:/lib/../lib/:/usr/lib/x86_64-linux-gnu/:/usr/lib/../lib/:/usr/lib/gcc/x86_64-linux-gnu/4.8/../../../:/lib/:/usr/lib/]
  ignore line: [COLLECT_GCC_OPTIONS='-v' '-o' 'cmTryCompileExec3254779842' '-rdynamic' '-shared-libgcc' '-mtune=generic' '-march=x86-64']
  link line: [ /usr/lib/gcc/x86_64-linux-gnu/4.8/collect2 --sysroot=/ --build-id --eh-frame-hdr -m elf_x86_64 --hash-style=gnu --as-needed -export-dynamic -dynamic-linker /lib64/ld-linux-x86-64.so.2 -z relro -o cmTryCompileExec3254779842 /usr/lib/gcc/x86_64-linux-gnu/4.8/../../../x86_64-linux-gnu/crt1.o /usr/lib/gcc/x86_64-linux-gnu/4.8/../../../x86_64-linux-gnu/crti.o /usr/lib/gcc/x86_64-linux-gnu/4.8/crtbegin.o -L/usr/lib/gcc/x86_64-linux-gnu/4.8 -L/usr/lib/gcc/x86_64-linux-gnu/4.8/../../../x86_64-linux-gnu -L/usr/lib/gcc/x86_64-linux-gnu/4.8/../../../../lib -L/lib/x86_64-linux-gnu -L/lib/../lib -L/usr/lib/x86_64-linux-gnu -L/usr/lib/../lib -L/usr/lib/gcc/x86_64-linux-gnu/4.8/../../.. CMakeFiles/cmTryCompileExec3254779842.dir/CMakeCXXCompilerABI.cpp.o -lstdc++ -lm -lgcc_s -lgcc -lc -lgcc_s -lgcc /usr/lib/gcc/x86_64-linux-gnu/4.8/crtend.o /usr/lib/gcc/x86_64-linux-gnu/4.8/../../../x86_64-linux-gnu/crtn.o]
    arg [/usr/lib/gcc/x86_64-linux-gnu/4.8/collect2] ==> ignore
    arg [--sysroot=/] ==> ignore
    arg [--build-id] ==> ignore
    arg [--eh-frame-hdr] ==> ignore
    arg [-m] ==> ignore
    arg [elf_x86_64] ==> ignore
    arg [--hash-style=gnu] ==> ignore
    arg [--as-needed] ==> ignore
    arg [-export-dynamic] ==> ignore
    arg [-dynamic-linker] ==> ignore
    arg [/lib64/ld-linux-x86-64.so.2] ==> ignore
    arg [-zrelro] ==> ignore
    arg [-o] ==> ignore
    arg [cmTryCompileExec3254779842] ==> ignore
    arg [/usr/lib/gcc/x86_64-linux-gnu/4.8/../../../x86_64-linux-gnu/crt1.o] ==> ignore
    arg [/usr/lib/gcc/x86_64-linux-gnu/4.8/../../../x86_64-linux-gnu/crti.o] ==> ignore
    arg [/usr/lib/gcc/x86_64-linux-gnu/4.8/crtbegin.o] ==> ignore
    arg [-L/usr/lib/gcc/x86_64-linux-gnu/4.8] ==> dir [/usr/lib/gcc/x86_64-linux-gnu/4.8]
    arg [-L/usr/lib/gcc/x86_64-linux-gnu/4.8/../../../x86_64-linux-gnu] ==> dir [/usr/lib/gcc/x86_64-linux-gnu/4.8/../../../x86_64-linux-gnu]
    arg [-L/usr/lib/gcc/x86_64-linux-gnu/4.8/../../../../lib] ==> dir [/usr/lib/gcc/x86_64-linux-gnu/4.8/../../../../lib]
    arg [-L/lib/x86_64-linux-gnu] ==> dir [/lib/x86_64-linux-gnu]
    arg [-L/lib/../lib] ==> dir [/lib/../lib]
    arg [-L/usr/lib/x86_64-linux-gnu] ==> dir [/usr/lib/x86_64-linux-gnu]
    arg [-L/usr/lib/../lib] ==> dir [/usr/lib/../lib]
    arg [-L/usr/lib/gcc/x86_64-linux-gnu/4.8/../../..] ==> dir [/usr/lib/gcc/x86_64-linux-gnu/4.8/../../..]
    arg [CMakeFiles/cmTryCompileExec3254779842.dir/CMakeCXXCompilerABI.cpp.o] ==> ignore
    arg [-lstdc++] ==> lib [stdc++]
    arg [-lm] ==> lib [m]
    arg [-lgcc_s] ==> lib [gcc_s]
    arg [-lgcc] ==> lib [gcc]
    arg [-lc] ==> lib [c]
    arg [-lgcc_s] ==> lib [gcc_s]
    arg [-lgcc] ==> lib [gcc]
    arg [/usr/lib/gcc/x86_64-linux-gnu/4.8/crtend.o] ==> ignore
    arg [/usr/lib/gcc/x86_64-linux-gnu/4.8/../../../x86_64-linux-gnu/crtn.o] ==> ignore
  remove lib [gcc_s]
  remove lib [gcc]
  remove lib [gcc_s]
  remove lib [gcc]
  collapse library dir [/usr/lib/gcc/x86_64-linux-gnu/4.8] ==> [/usr/lib/gcc/x86_64-linux-gnu/4.8]
  collapse library dir [/usr/lib/gcc/x86_64-linux-gnu/4.8/../../../x86_64-linux-gnu] ==> [/usr/lib/x86_64-linux-gnu]
  collapse library dir [/usr/lib/gcc/x86_64-linux-gnu/4.8/../../../../lib] ==> [/usr/lib]
  collapse library dir [/lib/x86_64-linux-gnu] ==> [/lib/x86_64-linux-gnu]
  collapse library dir [/lib/../lib] ==> [/lib]
  collapse library dir [/usr/lib/x86_64-linux-gnu] ==> [/usr/lib/x86_64-linux-gnu]
  collapse library dir [/usr/lib/../lib] ==> [/usr/lib]
  collapse library dir [/usr/lib/gcc/x86_64-linux-gnu/4.8/../../..] ==> [/usr/lib]
  implicit libs: [stdc++;m;c]
  implicit dirs: [/usr/lib/gcc/x86_64-linux-gnu/4.8;/usr/lib/x86_64-linux-gnu;/usr/lib;/lib/x86_64-linux-gnu;/lib]
  implicit fwks: []


Determining if files pthread.h exist passed with the following output:
Change Dir: /home/pony/mitsuba/CMakeFiles/CMakeTmp

Run Build Command:/usr/bin/make "cmTryCompileExec2773419050/fast"
/usr/bin/make -f CMakeFiles/cmTryCompileExec2773419050.dir/build.make CMakeFiles/cmTryCompileExec2773419050.dir/build
make[1]: Entering directory `/home/pony/mitsuba/CMakeFiles/CMakeTmp'
/usr/bin/cmake -E cmake_progress_report /home/pony/mitsuba/CMakeFiles/CMakeTmp/CMakeFiles 1
Building C object CMakeFiles/cmTryCompileExec2773419050.dir/CheckIncludeFiles.c.o
/usr/bin/cc    -o CMakeFiles/cmTryCompileExec2773419050.dir/CheckIncludeFiles.c.o   -c /home/pony/mitsuba/CMakeFiles/CMakeTmp/CheckIncludeFiles.c
Linking C executable cmTryCompileExec2773419050
/usr/bin/cmake -E cmake_link_script CMakeFiles/cmTryCompileExec2773419050.dir/link.txt --verbose=1
/usr/bin/cc       CMakeFiles/cmTryCompileExec2773419050.dir/CheckIncludeFiles.c.o  -o cmTryCompileExec2773419050 -rdynamic 
make[1]: Leaving directory `/home/pony/mitsuba/CMakeFiles/CMakeTmp'


Determining if the function pthread_create exists in the pthread passed with the following output:
Change Dir: /home/pony/mitsuba/CMakeFiles/CMakeTmp

Run Build Command:/usr/bin/make "cmTryCompileExec3040207750/fast"
/usr/bin/make -f CMakeFiles/cmTryCompileExec3040207750.dir/build.make CMakeFiles/cmTryCompileExec3040207750.dir/build
make[1]: Entering directory `/home/pony/mitsuba/CMakeFiles/CMakeTmp'
/usr/bin/cmake -E cmake_progress_report /home/pony/mitsuba/CMakeFiles/CMakeTmp/CMakeFiles 1
Building C object CMakeFiles/cmTryCompileExec3040207750.dir/CheckFunctionExists.c.o
/usr/bin/cc   -DCHECK_FUNCTION_EXISTS=pthread_create   -o CMakeFiles/cmTryCompileExec3040207750.dir/CheckFunctionExists.c.o   -c /usr/share/cmake-2.8/Modules/CheckFunctionExists.c
Linking C executable cmTryCompileExec3040207750
/usr/bin/cmake -E cmake_link_script CMakeFiles/cmTryCompileExec3040207750.dir/link.txt --verbose=1
/usr/bin/cc   -DCHECK_FUNCTION_EXISTS=pthread_create    CMakeFiles/cmTryCompileExec3040207750.dir/CheckFunctionExists.c.o  -o cmTryCompileExec3040207750 -rdynamic -lpthread 
make[1]: Leaving directory `/home/pony/mitsuba/CMakeFiles/CMakeTmp'


Performing C++ SOURCE FILE Test BOOST_SPIRIT_WORKS succeded with the following output:
Change Dir: /home/pony/mitsuba/CMakeFiles/CMakeTmp

Run Build Command:/usr/bin/make "cmTryCompileExec363101356/fast"
/usr/bin/make -f CMakeFiles/cmTryCompileExec363101356.dir/build.make CMakeFiles/cmTryCompileExec363101356.dir/build
make[1]: Entering directory `/home/pony/mitsuba/CMakeFiles/CMakeTmp'
/usr/bin/cmake -E cmake_progress_report /home/pony/mitsuba/CMakeFiles/CMakeTmp/CMakeFiles 1
Building CXX object CMakeFiles/cmTryCompileExec363101356.dir/src.cxx.o
/usr/bin/c++    -fvisibility=hidden -pipe -march=nocona -ffast-math -Wall -Winvalid-pch -mfpmath=sse  -DBOOST_SPIRIT_WORKS   -o CMakeFiles/cmTryCompileExec363101356.dir/src.cxx.o -c /home/pony/mitsuba/CMakeFiles/CMakeTmp/src.cxx
Linking CXX executable cmTryCompileExec363101356
/usr/bin/cmake -E cmake_link_script CMakeFiles/cmTryCompileExec363101356.dir/link.txt --verbose=1
/usr/bin/c++   -fvisibility=hidden -pipe -march=nocona -ffast-math -Wall -Winvalid-pch -mfpmath=sse  -DBOOST_SPIRIT_WORKS    CMakeFiles/cmTryCompileExec363101356.dir/src.cxx.o  -o cmTryCompileExec363101356 -rdynamic -lboost_filesystem -lboost_system -lboost_thread -lpthread 
make[1]: Leaving directory `/home/pony/mitsuba/CMakeFiles/CMakeTmp'

Source file was:

#include <boost/spirit/include/qi.hpp>
int main (int argc, char **argv) {
    return 0;
}

Determining if the function XOpenDisplay exists in the /usr/lib/x86_64-linux-gnu/libX11.so;/usr/lib/x86_64-linux-gnu/libXext.so passed with the following output:
Change Dir: /home/pony/mitsuba/CMakeFiles/CMakeTmp

Run Build Command:/usr/bin/make "cmTryCompileExec3492214563/fast"
/usr/bin/make -f CMakeFiles/cmTryCompileExec3492214563.dir/build.make CMakeFiles/cmTryCompileExec3492214563.dir/build
make[1]: Entering directory `/home/pony/mitsuba/CMakeFiles/CMakeTmp'
/usr/bin/cmake -E cmake_progress_report /home/pony/mitsuba/CMakeFiles/CMakeTmp/CMakeFiles 1
Building C object CMakeFiles/cmTryCompileExec3492214563.dir/CheckFunctionExists.c.o
/usr/bin/cc   -DCHECK_FUNCTION_EXISTS=XOpenDisplay   -o CMakeFiles/cmTryCompileExec3492214563.dir/CheckFunctionExists.c.o   -c /usr/share/cmake-2.8/Modules/CheckFunctionExists.c
Linking C executable cmTryCompileExec3492214563
/usr/bin/cmake -E cmake_link_script CMakeFiles/cmTryCompileExec3492214563.dir/link.txt --verbose=1
/usr/bin/cc   -DCHECK_FUNCTION_EXISTS=XOpenDisplay    CMakeFiles/cmTryCompileExec3492214563.dir/CheckFunctionExists.c.o  -o cmTryCompileExec3492214563 -rdynamic -lX11 -lXext -lboost_filesystem -lboost_system -lboost_thread -lpthread 
make[1]: Leaving directory `/home/pony/mitsuba/CMakeFiles/CMakeTmp'


Determining if the function gethostbyname exists passed with the following output:
Change Dir: /home/pony/mitsuba/CMakeFiles/CMakeTmp

Run Build Command:/usr/bin/make "cmTryCompileExec1748420078/fast"
/usr/bin/make -f CMakeFiles/cmTryCompileExec1748420078.dir/build.make CMakeFiles/cmTryCompileExec1748420078.dir/build
make[1]: Entering directory `/home/pony/mitsuba/CMakeFiles/CMakeTmp'
/usr/bin/cmake -E cmake_progress_report /home/pony/mitsuba/CMakeFiles/CMakeTmp/CMakeFiles 1
Building C object CMakeFiles/cmTryCompileExec1748420078.dir/CheckFunctionExists.c.o
/usr/bin/cc   -DCHECK_FUNCTION_EXISTS=gethostbyname   -o CMakeFiles/cmTryCompileExec1748420078.dir/CheckFunctionExists.c.o   -c /usr/share/cmake-2.8/Modules/CheckFunctionExists.c
Linking C executable cmTryCompileExec1748420078
/usr/bin/cmake -E cmake_link_script CMakeFiles/cmTryCompileExec1748420078.dir/link.txt --verbose=1
/usr/bin/cc   -DCHECK_FUNCTION_EXISTS=gethostbyname    CMakeFiles/cmTryCompileExec1748420078.dir/CheckFunctionExists.c.o  -o cmTryCompileExec1748420078 -rdynamic -lboost_filesystem -lboost_system -lboost_thread -lpthread 
make[1]: Leaving directory `/home/pony/mitsuba/CMakeFiles/CMakeTmp'


Determining if the function connect exists passed with the following output:
Change Dir: /home/pony/mitsuba/CMakeFiles/CMakeTmp

Run Build Command:/usr/bin/make "cmTryCompileExec3334559079/fast"
/usr/bin/make -f CMakeFiles/cmTryCompileExec3334559079.dir/build.make CMakeFiles/cmTryCompileExec3334559079.dir/build
make[1]: Entering directory `/home/pony/mitsuba/CMakeFiles/CMakeTmp'
/usr/bin/cmake -E cmake_progress_report /home/pony/mitsuba/CMakeFiles/CMakeTmp/CMakeFiles 1
Building C object CMakeFiles/cmTryCompileExec3334559079.dir/CheckFunctionExists.c.o
/usr/bin/cc   -DCHECK_FUNCTION_EXISTS=connect   -o CMakeFiles/cmTryCompileExec3334559079.dir/CheckFunctionExists.c.o   -c /usr/share/cmake-2.8/Modules/CheckFunctionExists.c
Linking C executable cmTryCompileExec3334559079
/usr/bin/cmake -E cmake_link_script CMakeFiles/cmTryCompileExec3334559079.dir/link.txt --verbose=1
/usr/bin/cc   -DCHECK_FUNCTION_EXISTS=connect    CMakeFiles/cmTryCompileExec3334559079.dir/CheckFunctionExists.c.o  -o cmTryCompileExec3334559079 -rdynamic -lboost_filesystem -lboost_system -lboost_thread -lpthread 
make[1]: Leaving directory `/home/pony/mitsuba/CMakeFiles/CMakeTmp'


Determining if the function remove exists passed with the following output:
Change Dir: /home/pony/mitsuba/CMakeFiles/CMakeTmp

Run Build Command:/usr/bin/make "cmTryCompileExec2993165646/fast"
/usr/bin/make -f CMakeFiles/cmTryCompileExec2993165646.dir/build.make CMakeFiles/cmTryCompileExec2993165646.dir/build
make[1]: Entering directory `/home/pony/mitsuba/CMakeFiles/CMakeTmp'
/usr/bin/cmake -E cmake_progress_report /home/pony/mitsuba/CMakeFiles/CMakeTmp/CMakeFiles 1
Building C object CMakeFiles/cmTryCompileExec2993165646.dir/CheckFunctionExists.c.o
/usr/bin/cc   -DCHECK_FUNCTION_EXISTS=remove   -o CMakeFiles/cmTryCompileExec2993165646.dir/CheckFunctionExists.c.o   -c /usr/share/cmake-2.8/Modules/CheckFunctionExists.c
Linking C executable cmTryCompileExec2993165646
/usr/bin/cmake -E cmake_link_script CMakeFiles/cmTryCompileExec2993165646.dir/link.txt --verbose=1
/usr/bin/cc   -DCHECK_FUNCTION_EXISTS=remove    CMakeFiles/cmTryCompileExec2993165646.dir/CheckFunctionExists.c.o  -o cmTryCompileExec2993165646 -rdynamic -lboost_filesystem -lboost_system -lboost_thread -lpthread 
make[1]: Leaving directory `/home/pony/mitsuba/CMakeFiles/CMakeTmp'


Determining if the function shmat exists passed with the following output:
Change Dir: /home/pony/mitsuba/CMakeFiles/CMakeTmp

Run Build Command:/usr/bin/make "cmTryCompileExec2099397787/fast"
/usr/bin/make -f CMakeFiles/cmTryCompileExec2099397787.dir/build.make CMakeFiles/cmTryCompileExec2099397787.dir/build
make[1]: Entering directory `/home/pony/mitsuba/CMakeFiles/CMakeTmp'
/usr/bin/cmake -E cmake_progress_report /home/pony/mitsuba/CMakeFiles/CMakeTmp/CMakeFiles 1
Building C object CMakeFiles/cmTryCompileExec2099397787.dir/CheckFunctionExists.c.o
/usr/bin/cc   -DCHECK_FUNCTION_EXISTS=shmat   -o CMakeFiles/cmTryCompileExec2099397787.dir/CheckFunctionExists.c.o   -c /usr/share/cmake-2.8/Modules/CheckFunctionExists.c
Linking C executable cmTryCompileExec2099397787
/usr/bin/cmake -E cmake_link_script CMakeFiles/cmTryCompileExec2099397787.dir/link.txt --verbose=1
/usr/bin/cc   -DCHECK_FUNCTION_EXISTS=shmat    CMakeFiles/cmTryCompileExec2099397787.dir/CheckFunctionExists.c.o  -o cmTryCompileExec2099397787 -rdynamic -lboost_filesystem -lboost_system -lboost_thread -lpthread 
make[1]: Leaving directory `/home/pony/mitsuba/CMakeFiles/CMakeTmp'


Determining if the function IceConnectionNumber exists in the ICE passed with the following output:
Change Dir: /home/pony/mitsuba/CMakeFiles/CMakeTmp

Run Build Command:/usr/bin/make "cmTryCompileExec1958738089/fast"
/usr/bin/make -f CMakeFiles/cmTryCompileExec1958738089.dir/build.make CMakeFiles/cmTryCompileExec1958738089.dir/build
make[1]: Entering directory `/home/pony/mitsuba/CMakeFiles/CMakeTmp'
/usr/bin/cmake -E cmake_progress_report /home/pony/mitsuba/CMakeFiles/CMakeTmp/CMakeFiles 1
Building C object CMakeFiles/cmTryCompileExec1958738089.dir/CheckFunctionExists.c.o
/usr/bin/cc   -DCHECK_FUNCTION_EXISTS=IceConnectionNumber   -o CMakeFiles/cmTryCompileExec1958738089.dir/CheckFunctionExists.c.o   -c /usr/share/cmake-2.8/Modules/CheckFunctionExists.c
Linking C executable cmTryCompileExec1958738089
/usr/bin/cmake -E cmake_link_script CMakeFiles/cmTryCompileExec1958738089.dir/link.txt --verbose=1
/usr/bin/cc   -DCHECK_FUNCTION_EXISTS=IceConnectionNumber    CMakeFiles/cmTryCompileExec1958738089.dir/CheckFunctionExists.c.o  -o cmTryCompileExec1958738089 -rdynamic -lICE -lboost_filesystem -lboost_system -lboost_thread -lpthread 
make[1]: Leaving directory `/home/pony/mitsuba/CMakeFiles/CMakeTmp'


Performing C++ SOURCE FILE Test GLEW_VERSION_IS_OK succeded with the following output:
Change Dir: /home/pony/mitsuba/CMakeFiles/CMakeTmp

Run Build Command:/usr/bin/make "cmTryCompileExec2916422657/fast"
/usr/bin/make -f CMakeFiles/cmTryCompileExec2916422657.dir/build.make CMakeFiles/cmTryCompileExec2916422657.dir/build
make[1]: Entering directory `/home/pony/mitsuba/CMakeFiles/CMakeTmp'
/usr/bin/cmake -E cmake_progress_report /home/pony/mitsuba/CMakeFiles/CMakeTmp/CMakeFiles 1
Building CXX object CMakeFiles/cmTryCompileExec2916422657.dir/src.cxx.o
/usr/bin/c++    -fvisibility=hidden -pipe -march=nocona -ffast-math -Wall -Winvalid-pch -mfpmath=sse  -DGLEW_VERSION_IS_OK   -o CMakeFiles/cmTryCompileExec2916422657.dir/src.cxx.o -c /home/pony/mitsuba/CMakeFiles/CMakeTmp/src.cxx
/home/pony/mitsuba/CMakeFiles/CMakeTmp/src.cxx: In function ‘int main(int, char**)’:
/home/pony/mitsuba/CMakeFiles/CMakeTmp/src.cxx:8:9: warning: unused variable ‘i’ [-Wunused-variable]
     int i = GL_VERTEX_ATTRIB_ARRAY_UNIFIED_NV;
         ^
Linking CXX executable cmTryCompileExec2916422657
/usr/bin/cmake -E cmake_link_script CMakeFiles/cmTryCompileExec2916422657.dir/link.txt --verbose=1
/usr/bin/c++   -fvisibility=hidden -pipe -march=nocona -ffast-math -Wall -Winvalid-pch -mfpmath=sse  -DGLEW_VERSION_IS_OK    CMakeFiles/cmTryCompileExec2916422657.dir/src.cxx.o  -o cmTryCompileExec2916422657 -rdynamic -lGLU -lGL -lSM -lICE -lX11 -lXext -lGLEWmx 
make[1]: Leaving directory `/home/pony/mitsuba/CMakeFiles/CMakeTmp'

Source file was:

#if defined(__APPLE__)
#include <OpenGL/glew.h>
#else
#include <GL/glew.h>
#endif
int main (int argc, char **argv) {
    int i = GL_VERTEX_ATTRIB_ARRAY_UNIFIED_NV;
    return 0;
}

Performing C SOURCE FILE Test OpenMP_FLAG_DETECTED succeded with the following output:
Change Dir: /home/pony/mitsuba/CMakeFiles/CMakeTmp

Run Build Command:/usr/bin/make "cmTryCompileExec681320983/fast"
/usr/bin/make -f CMakeFiles/cmTryCompileExec681320983.dir/build.make CMakeFiles/cmTryCompileExec681320983.dir/build
make[1]: Entering directory `/home/pony/mitsuba/CMakeFiles/CMakeTmp'
/usr/bin/cmake -E cmake_progress_report /home/pony/mitsuba/CMakeFiles/CMakeTmp/CMakeFiles 1
Building C object CMakeFiles/cmTryCompileExec681320983.dir/src.c.o
/usr/bin/cc   -DOpenMP_FLAG_DETECTED -fopenmp   -o CMakeFiles/cmTryCompileExec681320983.dir/src.c.o   -c /home/pony/mitsuba/CMakeFiles/CMakeTmp/src.c
Linking C executable cmTryCompileExec681320983
/usr/bin/cmake -E cmake_link_script CMakeFiles/cmTryCompileExec681320983.dir/link.txt --verbose=1
/usr/bin/cc   -DOpenMP_FLAG_DETECTED -fopenmp    CMakeFiles/cmTryCompileExec681320983.dir/src.c.o  -o cmTryCompileExec681320983 -rdynamic -lGLU -lGL -lSM -lICE -lX11 -lXext -lGLEWmx 
make[1]: Leaving directory `/home/pony/mitsuba/CMakeFiles/CMakeTmp'

Source file was:

#include <omp.h>
int main() {
#ifdef _OPENMP
  return 0;
#else
  breaks_on_purpose
#endif
}

Performing C++ SOURCE FILE Test OpenMP_FLAG_DETECTED succeded with the following output:
Change Dir: /home/pony/mitsuba/CMakeFiles/CMakeTmp

Run Build Command:/usr/bin/make "cmTryCompileExec1479817157/fast"
/usr/bin/make -f CMakeFiles/cmTryCompileExec1479817157.dir/build.make CMakeFiles/cmTryCompileExec1479817157.dir/build
make[1]: Entering directory `/home/pony/mitsuba/CMakeFiles/CMakeTmp'
/usr/bin/cmake -E cmake_progress_report /home/pony/mitsuba/CMakeFiles/CMakeTmp/CMakeFiles 1
Building CXX object CMakeFiles/cmTryCompileExec1479817157.dir/src.cxx.o
/usr/bin/c++    -fvisibility=hidden -pipe -march=nocona -ffast-math -Wall -Winvalid-pch -mfpmath=sse  -DOpenMP_FLAG_DETECTED -fopenmp   -o CMakeFiles/cmTryCompileExec1479817157.dir/src.cxx.o -c /home/pony/mitsuba/CMakeFiles/CMakeTmp/src.cxx
Linking CXX executable cmTryCompileExec1479817157
/usr/bin/cmake -E cmake_link_script CMakeFiles/cmTryCompileExec1479817157.dir/link.txt --verbose=1
/usr/bin/c++   -fvisibility=hidden -pipe -march=nocona -ffast-math -Wall -Winvalid-pch -mfpmath=sse  -DOpenMP_FLAG_DETECTED -fopenmp    CMakeFiles/cmTryCompileExec1479817157.dir/src.cxx.o  -o cmTryCompileExec1479817157 -rdynamic -lGLU -lGL -lSM -lICE -lX11 -lXext -lGLEWmx 
make[1]: Leaving directory `/home/pony/mitsuba/CMakeFiles/CMakeTmp'

Source file was:

#include <omp.h>
int main() {
#ifdef _OPENMP
  return 0;
#else
  breaks_on_purpose
#endif
}

Determining if the Q_WS_X11 exist passed with the following output:
Change Dir: /home/pony/mitsuba/CMakeFiles/CMakeTmp

Run Build Command:/usr/bin/make "cmTryCompileExec2989090002/fast"
/usr/bin/make -f CMakeFiles/cmTryCompileExec2989090002.dir/build.make CMakeFiles/cmTryCompileExec2989090002.dir/build
make[1]: Entering directory `/home/pony/mitsuba/CMakeFiles/CMakeTmp'
/usr/bin/cmake -E cmake_progress_report /home/pony/mitsuba/CMakeFiles/CMakeTmp/CMakeFiles 1
Building CXX object CMakeFiles/cmTryCompileExec2989090002.dir/CheckSymbolExists.cxx.o
/usr/bin/c++    -fvisibility=hidden -pipe -march=nocona -ffast-math -Wall -Winvalid-pch -mfpmath=sse   -I/usr/include/qt4    -o CMakeFiles/cmTryCompileExec2989090002.dir/CheckSymbolExists.cxx.o -c /home/pony/mitsuba/CMakeFiles/CMakeTmp/CheckSymbolExists.cxx
Linking CXX executable cmTryCompileExec2989090002
/usr/bin/cmake -E cmake_link_script CMakeFiles/cmTryCompileExec2989090002.dir/link.txt --verbose=1
/usr/bin/c++   -fvisibility=hidden -pipe -march=nocona -ffast-math -Wall -Winvalid-pch -mfpmath=sse      CMakeFiles/cmTryCompileExec2989090002.dir/CheckSymbolExists.cxx.o  -o cmTryCompileExec2989090002 -rdynamic 
make[1]: Leaving directory `/home/pony/mitsuba/CMakeFiles/CMakeTmp'

File /home/pony/mitsuba/CMakeFiles/CMakeTmp/CheckSymbolExists.cxx:
/* */
#include <QtCore/qglobal.h>

int main(int argc, char** argv)
{
  (void)argv;
#ifndef Q_WS_X11
  return ((int*)(&Q_WS_X11))[argc];
#else
  (void)argc;
  return 0;
#endif
}

